<?xml version="1.0" encoding="UTF-8"?>
<testng-results skipped="0" failed="0" total="1" passed="1">
  <reporter-output>
  </reporter-output>
  <suite name="suite" duration-ms="41716" started-at="2021-01-31T11:56:53Z" finished-at="2021-01-31T11:57:35Z">
    <groups>
    </groups>
    <test name="Test" duration-ms="41716" started-at="2021-01-31T11:56:53Z" finished-at="2021-01-31T11:57:35Z">
      <class name="com.glb.us.fblogin.Facebook">
        <test-method status="PASS" signature="launch_website()[pri:0, instance:com.glb.us.fblogin.Facebook@4883b407]" name="launch_website" is-config="true" duration-ms="11890" started-at="2021-01-31T17:26:53Z" finished-at="2021-01-31T17:27:05Z">
          <reporter-output>
          </reporter-output>
        </test-method> <!-- launch_website -->
        <test-method status="PASS" signature="login()[pri:0, instance:com.glb.us.fblogin.Facebook@4883b407]" name="login" duration-ms="544" started-at="2021-01-31T17:27:05Z" finished-at="2021-01-31T17:27:06Z">
          <reporter-output>
          </reporter-output>
        </test-method> <!-- login -->
        <test-method status="PASS" signature="title_catch()[pri:0, instance:com.glb.us.fblogin.Facebook@4883b407]" name="title_catch" is-config="true" duration-ms="29236" started-at="2021-01-31T17:27:06Z" finished-at="2021-01-31T17:27:35Z">
          <reporter-output>
          </reporter-output>
        </test-method> <!-- title_catch -->
      </class> <!-- com.glb.us.fblogin.Facebook -->
    </test> <!-- Test -->
  </suite> <!-- suite -->
</testng-results>
